<?xml version="1.0" encoding="utf-8"?><testsuites name="pytest tests"><testsuite name="pytest" errors="0" failures="0" skipped="0" tests="21" time="7.327" timestamp="2026-01-31T17:06:01.230914+00:00" hostname="agent-env-4c97a346-f84d-4dae-ab14-3a6c2b3d98a1"><testcase classname="backend.tests.test_multitenancy.TestAuthentication" name="test_login_super_admin_success" time="0.378" /><testcase classname="backend.tests.test_multitenancy.TestAuthentication" name="test_login_invalid_credentials" time="0.053" /><testcase classname="backend.tests.test_multitenancy.TestAuthentication" name="test_get_current_user_super_admin" time="0.317" /><testcase classname="backend.tests.test_multitenancy.TestProjectsAPI" name="test_get_projects_list" time="0.353" /><testcase classname="backend.tests.test_multitenancy.TestProjectsAPI" name="test_get_project_by_code" time="0.362" /><testcase classname="backend.tests.test_multitenancy.TestDashboardStatistics" name="test_get_dashboard_statistics_all" time="0.316" /><testcase classname="backend.tests.test_multitenancy.TestDashboardStatistics" name="test_get_dashboard_statistics_with_project_filter" time="0.360" /><testcase classname="backend.tests.test_multitenancy.TestCasesAPI" name="test_get_cases_list" time="0.525" /><testcase classname="backend.tests.test_multitenancy.TestCasesAPI" name="test_get_cases_unauthorized" time="0.337" /><testcase classname="backend.tests.test_multitenancy.TestCasesAPI" name="test_get_cases_with_status_filter" time="0.313" /><testcase classname="backend.tests.test_multitenancy.TestKennelsAPI" name="test_get_kennels" time="0.324" /><testcase classname="backend.tests.test_multitenancy.TestKennelsAPI" name="test_get_available_kennels" time="0.383" /><testcase classname="backend.tests.test_multitenancy.TestKennelsAPI" name="test_get_kennels_with_project_filter" time="0.429" /><testcase classname="backend.tests.test_multitenancy.TestMedicinesAPI" name="test_get_medicines" time="0.320" /><testcase classname="backend.tests.test_multitenancy.TestMedicinesAPI" name="test_get_medicines_with_project_filter" time="0.392" /><testcase classname="backend.tests.test_multitenancy.TestFoodItemsAPI" name="test_get_food_items" time="0.314" /><testcase classname="backend.tests.test_multitenancy.TestFoodItemsAPI" name="test_get_food_items_with_project_filter" time="0.354" /><testcase classname="backend.tests.test_multitenancy.TestUsersAPI" name="test_get_users" time="0.314" /><testcase classname="backend.tests.test_multitenancy.TestProjectCRUD" name="test_create_project" time="0.347" /><testcase classname="backend.tests.test_multitenancy.TestProjectCRUD" name="test_update_project" time="0.357" /><testcase classname="backend.tests.test_multitenancy.TestCatchingRecordCreation" name="test_create_catching_record" time="0.366" /></testsuite></testsuites>