<?xml version="1.0" encoding="utf-8"?><testsuites name="pytest tests"><testsuite name="pytest" errors="0" failures="0" skipped="0" tests="29" time="5.108" timestamp="2026-01-28T14:22:58.624894+00:00" hostname="agent-env-4dc705a3-8d85-4c70-8c0c-adeb182abd9b"><testcase classname="backend.tests.test_abc_api.TestHealthAndConfig" name="test_api_root" time="0.094" /><testcase classname="backend.tests.test_abc_api.TestHealthAndConfig" name="test_config_endpoint" time="0.039" /><testcase classname="backend.tests.test_abc_api.TestAuthentication" name="test_login_success" time="0.293" /><testcase classname="backend.tests.test_abc_api.TestAuthentication" name="test_login_invalid_credentials" time="0.079" /><testcase classname="backend.tests.test_abc_api.TestAuthentication" name="test_login_invalid_password" time="0.262" /><testcase classname="backend.tests.test_abc_api.TestAuthentication" name="test_get_current_user" time="0.300" /><testcase classname="backend.tests.test_abc_api.TestAuthentication" name="test_get_current_user_invalid_token" time="0.037" /><testcase classname="backend.tests.test_abc_api.TestCasesAPI" name="test_get_cases_list" time="0.303" /><testcase classname="backend.tests.test_abc_api.TestCasesAPI" name="test_get_cases_unauthorized" time="0.302" /><testcase classname="backend.tests.test_abc_api.TestCasesAPI" name="test_get_cases_with_status_filter" time="0.342" /><testcase classname="backend.tests.test_abc_api.TestDashboardStatistics" name="test_get_dashboard_statistics" time="0.303" /><testcase classname="backend.tests.test_abc_api.TestKennelsAPI" name="test_get_kennels" time="0.307" /><testcase classname="backend.tests.test_abc_api.TestKennelsAPI" name="test_get_available_kennels" time="0.305" /><testcase classname="backend.tests.test_abc_api.TestMedicinesAPI" name="test_get_medicines" time="0.307" /><testcase classname="backend.tests.test_abc_api.TestFoodItemsAPI" name="test_get_food_items" time="0.296" /><testcase classname="backend.tests.test_abc_api.TestUsersAPI" name="test_get_users" time="0.301" /><testcase classname="backend.tests.test_bulk_upload.TestMedicineProtocol" name="test_get_medicine_protocol" time="0.303" /><testcase classname="backend.tests.test_bulk_upload.TestCalculateMedicines" name="test_calculate_medicines_male" time="0.037" /><testcase classname="backend.tests.test_bulk_upload.TestCalculateMedicines" name="test_calculate_medicines_female" time="0.039" /><testcase classname="backend.tests.test_bulk_upload.TestCalculateMedicines" name="test_calculate_medicines_weight_too_low" time="0.039" /><testcase classname="backend.tests.test_bulk_upload.TestCalculateMedicines" name="test_calculate_medicines_weight_too_high" time="0.077" /><testcase classname="backend.tests.test_bulk_upload.TestBulkUploadTemplates" name="test_download_catching_template" time="0.052" /><testcase classname="backend.tests.test_bulk_upload.TestBulkUploadTemplates" name="test_download_surgery_template" time="0.052" /><testcase classname="backend.tests.test_bulk_upload.TestBulkUploadTemplates" name="test_download_invalid_template_type" time="0.037" /><testcase classname="backend.tests.test_bulk_upload.TestBulkUploadCatching" name="test_bulk_upload_catching_success" time="0.053" /><testcase classname="backend.tests.test_bulk_upload.TestBulkUploadCatching" name="test_bulk_upload_catching_duplicate" time="0.051" /><testcase classname="backend.tests.test_bulk_upload.TestBulkUploadSurgery" name="test_bulk_upload_surgery_success" time="0.109" /><testcase classname="backend.tests.test_bulk_upload.TestBulkUploadSurgery" name="test_bulk_upload_surgery_cancelled" time="0.099" /><testcase classname="backend.tests.test_bulk_upload.TestBulkUploadSurgery" name="test_bulk_upload_surgery_case_not_found" time="0.049" /></testsuite></testsuites>